[  2%] Built target mpu6050_publisher__rosidl_generator_type_description
[  5%] [32mBuilding CXX object CMakeFiles/mpu.dir/src/MPU6050.cpp.o[0m
[01m[K/home/matwac/drone_pi/src/mpu6050_publisher/src/MPU6050.cpp:6:10:[m[K [01;31m[Kfatal error: [m[Kinclude/libmpu/MPU6050.h: No such file or directory
    6 | #include [01;31m[K"include/libmpu/MPU6050.h"[m[K
      |          [01;31m[K^~~~~~~~~~~~~~~~~~~~~~~~~~[m[K
compilation terminated.
gmake[2]: *** [CMakeFiles/mpu.dir/build.make:76: CMakeFiles/mpu.dir/src/MPU6050.cpp.o] Error 1
gmake[1]: *** [CMakeFiles/Makefile2:625: CMakeFiles/mpu.dir/all] Error 2
gmake[1]: *** Waiting for unfinished jobs....
[  5%] Built target ament_cmake_python_copy_mpu6050_publisher
[ 10%] Built target mpu6050_publisher__cpp
[ 21%] Built target mpu6050_publisher__rosidl_generator_c
gmake: *** [Makefile:146: all] Error 2
