[  2%] Built target mpu6050_publisher__rosidl_generator_type_description
[  2%] Built target ament_cmake_python_copy_mpu6050_publisher
[  5%] [32mBuilding CXX object CMakeFiles/mpu.dir/src/MPU6050.cpp.o[0m
[ 10%] Built target mpu6050_publisher__cpp
[ 21%] Built target mpu6050_publisher__rosidl_generator_c
[ 28%] Built target mpu6050_publisher__rosidl_typesupport_introspection_c
[ 36%] Built target mpu6050_publisher__rosidl_typesupport_cpp
[ 52%] Built target mpu6050_publisher__rosidl_typesupport_fastrtps_cpp
[ 52%] Built target mpu6050_publisher__rosidl_typesupport_c
[ 60%] Built target mpu6050_publisher__rosidl_typesupport_introspection_cpp
[ 68%] Built target mpu6050_publisher__rosidl_typesupport_fastrtps_c
[ 68%] Built target mpu6050_publisher
In file included from [01m[K/home/matwac/drone_pi/src/mpu6050_publisher/src/MPU6050.cpp:6[m[K:
[01m[K/home/matwac/drone_pi/src/mpu6050_publisher/include/libmpu/MPU6050.h:46:18:[m[K [01;31m[Kfatal error: [m[Ki2c/smbus.h: No such file or directory
   46 |         #include [01;31m[K<i2c/smbus.h>[m[K
      |                  [01;31m[K^~~~~~~~~~~~~[m[K
compilation terminated.
gmake[2]: *** [CMakeFiles/mpu.dir/build.make:76: CMakeFiles/mpu.dir/src/MPU6050.cpp.o] Error 1
gmake[1]: *** [CMakeFiles/Makefile2:625: CMakeFiles/mpu.dir/all] Error 2
gmake[1]: *** Waiting for unfinished jobs....
[ 71%] [34m[1mGenerating Python code for ROS interfaces[0m
running egg_info
writing mpu6050_publisher.egg-info/PKG-INFO
writing dependency_links to mpu6050_publisher.egg-info/dependency_links.txt
writing top-level names to mpu6050_publisher.egg-info/top_level.txt
reading manifest file 'mpu6050_publisher.egg-info/SOURCES.txt'
writing manifest file 'mpu6050_publisher.egg-info/SOURCES.txt'
[ 71%] Built target ament_cmake_python_build_mpu6050_publisher_egg
[ 71%] Built target mpu6050_publisher__py
gmake: *** [Makefile:146: all] Error 2
