[0.029s] Invoking command in '/home/matwac/drone_pi/build/mpu6050_publisher': CMAKE_PREFIX_PATH=/opt/ros/iron /usr/bin/cmake --build /home/matwac/drone_pi/build/mpu6050_publisher -- -j8 -l8
[0.101s] [  2%] Built target mpu6050_publisher__rosidl_generator_type_description
[0.101s] [  5%] [32mBuilding CXX object CMakeFiles/mpu.dir/src/MPU6050.cpp.o[0m
[0.116s] [01m[K/home/matwac/drone_pi/src/mpu6050_publisher/src/MPU6050.cpp:6:10:[m[K [01;31m[Kfatal error: [m[K/libmpu/MPU6050.h: No such file or directory
[0.116s]     6 | #include [01;31m[K"/libmpu/MPU6050.h"[m[K
[0.116s]       |          [01;31m[K^~~~~~~~~~~~~~~~~~~[m[K
[0.116s] compilation terminated.
[0.118s] gmake[2]: *** [CMakeFiles/mpu.dir/build.make:76: CMakeFiles/mpu.dir/src/MPU6050.cpp.o] Error 1
[0.118s] gmake[1]: *** [CMakeFiles/Makefile2:625: CMakeFiles/mpu.dir/all] Error 2
[0.118s] gmake[1]: *** Waiting for unfinished jobs....
[0.118s] [  5%] Built target ament_cmake_python_copy_mpu6050_publisher
[0.132s] [  7%] Built target mpu6050_publisher__cpp
[0.134s] [ 21%] Built target mpu6050_publisher__rosidl_generator_c
[0.136s] gmake: *** [Makefile:146: all] Error 2
[0.139s] Invoked command in '/home/matwac/drone_pi/build/mpu6050_publisher' returned '2': CMAKE_PREFIX_PATH=/opt/ros/iron /usr/bin/cmake --build /home/matwac/drone_pi/build/mpu6050_publisher -- -j8 -l8
