[0.041s] Invoking command in '/home/matwac/drone_pi/build/mpu6050_publisher': CMAKE_PREFIX_PATH=/opt/ros/iron /usr/bin/cmake --build /home/matwac/drone_pi/build/mpu6050_publisher -- -j8 -l8
[0.118s] [  2%] Built target mpu6050_publisher__rosidl_generator_type_description
[0.119s] [  5%] [32mBuilding CXX object CMakeFiles/mpu.dir/src/MPU6050.cpp.o[0m
[0.135s] [  5%] Built target ament_cmake_python_copy_mpu6050_publisher
[0.152s] [  7%] Built target mpu6050_publisher__cpp
[0.160s] [ 21%] Built target mpu6050_publisher__rosidl_generator_c
[0.182s] [35m[1mConsolidate compiler generated dependencies of target mpu6050_publisher__rosidl_typesupport_introspection_c[0m
[0.184s] [35m[1mConsolidate compiler generated dependencies of target mpu6050_publisher__rosidl_typesupport_c[0m
[0.194s] [35m[1mConsolidate compiler generated dependencies of target mpu6050_publisher__rosidl_typesupport_cpp[0m
[0.194s] [35m[1mConsolidate compiler generated dependencies of target mpu6050_publisher__rosidl_typesupport_fastrtps_c[0m
[0.195s] [35m[1mConsolidate compiler generated dependencies of target mpu6050_publisher__rosidl_typesupport_introspection_cpp[0m
[0.195s] [35m[1mConsolidate compiler generated dependencies of target mpu6050_publisher__rosidl_typesupport_fastrtps_cpp[0m
[0.216s] [ 28%] Built target mpu6050_publisher__rosidl_typesupport_c
[0.220s] [ 36%] Built target mpu6050_publisher__rosidl_typesupport_introspection_cpp
[0.220s] [ 52%] Built target mpu6050_publisher__rosidl_typesupport_fastrtps_c
[0.221s] [ 52%] Built target mpu6050_publisher__rosidl_typesupport_introspection_c
[0.225s] [ 60%] Built target mpu6050_publisher__rosidl_typesupport_cpp
[0.230s] In file included from [01m[K/home/matwac/drone_pi/src/mpu6050_publisher/src/MPU6050.cpp:6[m[K:
[0.230s] [01m[K/home/matwac/drone_pi/src/mpu6050_publisher/include/libmpu/MPU6050.h:46:18:[m[K [01;31m[Kfatal error: [m[Ki2c/smbus.h: No such file or directory
[0.230s]    46 |         #include [01;31m[K<i2c/smbus.h>[m[K
[0.231s]       |                  [01;31m[K^~~~~~~~~~~~~[m[K
[0.231s] compilation terminated.
[0.233s] gmake[2]: *** [CMakeFiles/mpu.dir/build.make:76: CMakeFiles/mpu.dir/src/MPU6050.cpp.o] Error 1
[0.234s] gmake[1]: *** [CMakeFiles/Makefile2:625: CMakeFiles/mpu.dir/all] Error 2
[0.234s] gmake[1]: *** Waiting for unfinished jobs....
[0.234s] [ 68%] Built target mpu6050_publisher__rosidl_typesupport_fastrtps_cpp
[0.612s] running egg_info
[0.614s] writing mpu6050_publisher.egg-info/PKG-INFO
[0.614s] writing dependency_links to mpu6050_publisher.egg-info/dependency_links.txt
[0.614s] writing top-level names to mpu6050_publisher.egg-info/top_level.txt
[0.619s] reading manifest file 'mpu6050_publisher.egg-info/SOURCES.txt'
[0.620s] writing manifest file 'mpu6050_publisher.egg-info/SOURCES.txt'
[0.676s] [ 68%] Built target ament_cmake_python_build_mpu6050_publisher_egg
[0.678s] gmake: *** [Makefile:146: all] Error 2
[0.682s] Invoked command in '/home/matwac/drone_pi/build/mpu6050_publisher' returned '2': CMAKE_PREFIX_PATH=/opt/ros/iron /usr/bin/cmake --build /home/matwac/drone_pi/build/mpu6050_publisher -- -j8 -l8
