[0.048s] Invoking command in '/home/matwac/drone_pi/build/MPU6050_package': CMAKE_PREFIX_PATH=/opt/ros/iron /usr/bin/cmake /home/matwac/drone_pi/src/MPU6050_package -DCMAKE_INSTALL_PREFIX=/home/matwac/drone_pi/install/MPU6050_package
[1.050s] -- The C compiler identification is GNU 11.3.0
[3.193s] -- The CXX compiler identification is GNU 11.3.0
[4.714s] -- Detecting C compiler ABI info
[5.164s] -- Detecting C compiler ABI info - done
[5.177s] -- Check for working C compiler: /usr/bin/cc - skipped
[5.179s] -- Detecting C compile features
[5.182s] -- Detecting C compile features - done
[5.191s] -- Detecting CXX compiler ABI info
[5.667s] -- Detecting CXX compiler ABI info - done
[5.682s] -- Check for working CXX compiler: /usr/bin/c++ - skipped
[5.682s] -- Detecting CXX compile features
[5.683s] -- Detecting CXX compile features - done
[5.701s] -- Found ament_cmake: 2.0.3 (/opt/ros/iron/share/ament_cmake/cmake)
[6.069s] -- Found Python3: /usr/bin/python3.10 (found version "3.10.6") found components: Interpreter 
[6.315s] -- Found rclcpp: 21.0.1 (/opt/ros/iron/share/rclcpp/cmake)
[7.671s] -- Found rosidl_generator_c: 4.0.0 (/opt/ros/iron/share/rosidl_generator_c/cmake)
[7.707s] -- Found rosidl_generator_cpp: 4.0.0 (/opt/ros/iron/share/rosidl_generator_cpp/cmake)
[7.763s] -- Using all available rosidl_typesupport_c: rosidl_typesupport_fastrtps_c;rosidl_typesupport_introspection_c
[7.827s] -- Using all available rosidl_typesupport_cpp: rosidl_typesupport_fastrtps_cpp;rosidl_typesupport_introspection_cpp
[8.230s] -- Found rmw_implementation_cmake: 7.1.0 (/opt/ros/iron/share/rmw_implementation_cmake/cmake)
[8.241s] -- Found rmw_fastrtps_cpp: 7.1.1 (/opt/ros/iron/share/rmw_fastrtps_cpp/cmake)
[12.966s] Invoked command in '/home/matwac/drone_pi/build/MPU6050_package' returned '-2': CMAKE_PREFIX_PATH=/opt/ros/iron /usr/bin/cmake /home/matwac/drone_pi/src/MPU6050_package -DCMAKE_INSTALL_PREFIX=/home/matwac/drone_pi/install/MPU6050_package
[12.977s] Traceback (most recent call last):
  File "/usr/lib/python3/dist-packages/colcon_parallel_executor/executor/parallel.py", line 67, in execute
    loop.run_until_complete(future)
  File "/usr/lib/python3.10/asyncio/base_events.py", line 633, in run_until_complete
    self.run_forever()
  File "/usr/lib/python3.10/asyncio/base_events.py", line 600, in run_forever
    self._run_once()
  File "/usr/lib/python3.10/asyncio/base_events.py", line 1860, in _run_once
    event_list = self._selector.select(timeout)
  File "/usr/lib/python3.10/selectors.py", line 469, in select
    fd_event_list = self._selector.poll(timeout, max_ev)
KeyboardInterrupt

During handling of the above exception, another exception occurred:

Traceback (most recent call last):
  File "/usr/lib/python3/dist-packages/colcon_core/executor/__init__.py", line 91, in __call__
    rc = await self.task(*args, **kwargs)
  File "/usr/lib/python3/dist-packages/colcon_core/task/__init__.py", line 93, in __call__
    return await task_method(*args, **kwargs)
  File "/usr/lib/python3/dist-packages/colcon_ros/task/ament_cmake/build.py", line 59, in build
    rc = await extension.build(
  File "/usr/lib/python3/dist-packages/colcon_cmake/task/cmake/build.py", line 87, in build
    rc = await self._reconfigure(args, env)
  File "/usr/lib/python3/dist-packages/colcon_cmake/task/cmake/build.py", line 182, in _reconfigure
    buildfile = get_buildfile(cmake_cache)
  File "/usr/lib/python3/dist-packages/colcon_cmake/task/cmake/__init__.py", line 112, in get_buildfile
    if 'Ninja' in generator:
TypeError: argument of type 'NoneType' is not iterable
