[0.043s] Invoking command in '/home/matwac/drone_pi/build/mpu6050_publisher': CMAKE_PREFIX_PATH=/opt/ros/iron /usr/bin/cmake --build /home/matwac/drone_pi/build/mpu6050_publisher -- -j8 -l8
[0.115s] [  2%] [32mBuilding CXX object CMakeFiles/mpu.dir/src/MPU6050.cpp.o[0m
[0.115s] [  5%] Built target mpu6050_publisher__rosidl_generator_type_description
[0.134s] [01m[K/home/matwac/drone_pi/src/mpu6050_publisher/src/MPU6050.cpp:6:10:[m[K [01;31m[Kfatal error: [m[Klibmpu/MPU6050.h: No such file or directory
[0.134s]     6 | #include [01;31m[K"libmpu/MPU6050.h"[m[K
[0.134s]       |          [01;31m[K^~~~~~~~~~~~~~~~~~[m[K
[0.139s] compilation terminated.
[0.142s] gmake[2]: *** [CMakeFiles/mpu.dir/build.make:76: CMakeFiles/mpu.dir/src/MPU6050.cpp.o] Error 1
[0.143s] gmake[1]: *** [CMakeFiles/Makefile2:625: CMakeFiles/mpu.dir/all] Error 2
[0.144s] gmake[1]: *** Waiting for unfinished jobs....
[0.144s] [  5%] Built target ament_cmake_python_copy_mpu6050_publisher
[0.152s] [  7%] Built target mpu6050_publisher__cpp
[0.161s] [ 21%] Built target mpu6050_publisher__rosidl_generator_c
[0.163s] gmake: *** [Makefile:146: all] Error 2
[0.166s] Invoked command in '/home/matwac/drone_pi/build/mpu6050_publisher' returned '2': CMAKE_PREFIX_PATH=/opt/ros/iron /usr/bin/cmake --build /home/matwac/drone_pi/build/mpu6050_publisher -- -j8 -l8
