[0.024s] Invoking command in '/home/matwac/drone_pi/build/mpu6050_publisher': CMAKE_PREFIX_PATH=/opt/ros/iron /usr/bin/cmake /home/matwac/drone_pi/src/mpu6050_publisher -DCMAKE_INSTALL_PREFIX=/home/matwac/drone_pi/install/mpu6050_publisher
[0.034s] -- Found ament_cmake: 2.0.3 (/opt/ros/iron/share/ament_cmake/cmake)
[0.227s] -- Found rclcpp: 21.0.1 (/opt/ros/iron/share/rclcpp/cmake)
[0.667s] -- Found rosidl_generator_c: 4.0.0 (/opt/ros/iron/share/rosidl_generator_c/cmake)
[0.679s] -- Found rosidl_generator_cpp: 4.0.0 (/opt/ros/iron/share/rosidl_generator_cpp/cmake)
[0.706s] -- Using all available rosidl_typesupport_c: rosidl_typesupport_fastrtps_c;rosidl_typesupport_introspection_c
[0.731s] -- Using all available rosidl_typesupport_cpp: rosidl_typesupport_fastrtps_cpp;rosidl_typesupport_introspection_cpp
[0.975s] -- Found rmw_implementation_cmake: 7.1.0 (/opt/ros/iron/share/rmw_implementation_cmake/cmake)
[0.977s] -- Found rmw_fastrtps_cpp: 7.1.1 (/opt/ros/iron/share/rmw_fastrtps_cpp/cmake)
[20.359s] -- Using RMW implementation 'rmw_fastrtps_cpp' as default
[20.658s] -- Found std_msgs: 5.0.0 (/opt/ros/iron/share/std_msgs/cmake)
[20.711s] -- Found rosidl_default_generators: 1.5.0 (/opt/ros/iron/share/rosidl_default_generators/cmake)
[20.722s] -- Found rosidl_adapter: 4.0.0 (/opt/ros/iron/share/rosidl_adapter/cmake)
[21.183s] -- Found ament_cmake_ros: 0.11.2 (/opt/ros/iron/share/ament_cmake_ros/cmake)
[21.632s] -- Using all available rosidl_typesupport_c: rosidl_typesupport_fastrtps_c;rosidl_typesupport_introspection_c
[21.824s] -- Using all available rosidl_typesupport_cpp: rosidl_typesupport_fastrtps_cpp;rosidl_typesupport_introspection_cpp
[21.863s] -- Found python_cmake_module: 0.10.2 (/opt/ros/iron/share/python_cmake_module/cmake)
[21.897s] -- Using PYTHON_EXECUTABLE: /usr/bin/python3
[21.898s] -- Using PYTHON_INCLUDE_DIRS: /usr/include/python3.10
[21.898s] -- Using PYTHON_LIBRARIES: /usr/lib/x86_64-linux-gnu/libpython3.10.so
[21.922s] -- Configuring done
[22.015s] -- Generating done
[22.021s] -- Build files have been written to: /home/matwac/drone_pi/build/mpu6050_publisher
[22.040s] Invoked command in '/home/matwac/drone_pi/build/mpu6050_publisher' returned '0': CMAKE_PREFIX_PATH=/opt/ros/iron /usr/bin/cmake /home/matwac/drone_pi/src/mpu6050_publisher -DCMAKE_INSTALL_PREFIX=/home/matwac/drone_pi/install/mpu6050_publisher
[22.046s] Invoking command in '/home/matwac/drone_pi/build/mpu6050_publisher': CMAKE_PREFIX_PATH=/opt/ros/iron /usr/bin/cmake --build /home/matwac/drone_pi/build/mpu6050_publisher -- -j8 -l8
[22.113s] [  2%] [34m[1mGenerating type hashes for ROS interfaces[0m
[22.114s] [  5%] [32mBuilding CXX object CMakeFiles/mpu.dir/src/MPU6050.cpp.o[0m
[22.124s] [  5%] Built target ament_cmake_python_copy_mpu6050_publisher
[22.135s] [01m[K/home/matwac/drone_pi/src/mpu6050_publisher/src/MPU6050.cpp:6:10:[m[K [01;31m[Kfatal error: [m[KMPU6050.h: No such file or directory
[22.135s]     6 | #include [01;31m[K"MPU6050.h"[m[K
[22.135s]       |          [01;31m[K^~~~~~~~~~~[m[K
[22.135s] compilation terminated.
[22.137s] gmake[2]: *** [CMakeFiles/mpu.dir/build.make:76: CMakeFiles/mpu.dir/src/MPU6050.cpp.o] Error 1
[22.137s] gmake[1]: *** [CMakeFiles/Makefile2:625: CMakeFiles/mpu.dir/all] Error 2
[22.137s] gmake[1]: *** Waiting for unfinished jobs....
[22.566s] [  5%] Built target mpu6050_publisher__rosidl_generator_type_description
[22.585s] running egg_info
[22.586s] creating mpu6050_publisher.egg-info
[22.587s] writing mpu6050_publisher.egg-info/PKG-INFO
[22.587s] writing dependency_links to mpu6050_publisher.egg-info/dependency_links.txt
[22.587s] writing top-level names to mpu6050_publisher.egg-info/top_level.txt
[22.588s] writing manifest file 'mpu6050_publisher.egg-info/SOURCES.txt'
[22.595s] reading manifest file 'mpu6050_publisher.egg-info/SOURCES.txt'
[22.596s] writing manifest file 'mpu6050_publisher.egg-info/SOURCES.txt'
[22.645s] [  5%] Built target ament_cmake_python_build_mpu6050_publisher_egg
[22.647s] gmake: *** [Makefile:146: all] Error 2
[22.652s] Invoked command in '/home/matwac/drone_pi/build/mpu6050_publisher' returned '2': CMAKE_PREFIX_PATH=/opt/ros/iron /usr/bin/cmake --build /home/matwac/drone_pi/build/mpu6050_publisher -- -j8 -l8
